2023-04-03 01:20:53.302412 - Initialized conversion of CBT606
2023-04-03 01:20:54.287719 - Received CBT.V504.FILE606.PDS from FILE606.XMI 
2023-04-03 01:20:54.290248 - Found $$$#DATE.txt (text/plain) in CBT.V504.FILE606.PDS, moved to PDS/$$$#DATE
2023-04-03 01:20:54.291826 - Found $$AWSSL.jcl (text/plain) in CBT.V504.FILE606.PDS, moved to PDS/$$AWSSL
2023-04-03 01:20:54.293030 - Found $$NOTE1.txt (text/plain) in CBT.V504.FILE606.PDS, moved to PDS/$$NOTE1
2023-04-03 01:20:54.294060 - Found #CALL.txt (text/plain) in CBT.V504.FILE606.PDS, moved to PDS/#CALL
2023-04-03 01:20:54.295323 - Found #CSTR.txt (text/plain) in CBT.V504.FILE606.PDS, moved to PDS/#CSTR
2023-04-03 01:20:54.296394 - Found #EPILOG.txt (text/plain) in CBT.V504.FILE606.PDS, moved to PDS/#EPILOG
2023-04-03 01:20:54.297528 - Found #FRAME.txt (text/plain) in CBT.V504.FILE606.PDS, moved to PDS/#FRAME
2023-04-03 01:20:54.298574 - Found #GLOBAL.txt (text/plain) in CBT.V504.FILE606.PDS, moved to PDS/#GLOBAL
2023-04-03 01:20:54.299630 - Found #MEMCHR.txt (text/plain) in CBT.V504.FILE606.PDS, moved to PDS/#MEMCHR
2023-04-03 01:20:54.300654 - Found #MEMCMP.txt (text/plain) in CBT.V504.FILE606.PDS, moved to PDS/#MEMCMP
2023-04-03 01:20:54.301641 - Found #MEMCPY.txt (text/plain) in CBT.V504.FILE606.PDS, moved to PDS/#MEMCPY
2023-04-03 01:20:54.302578 - Found #MEMSET.txt (text/plain) in CBT.V504.FILE606.PDS, moved to PDS/#MEMSET
2023-04-03 01:20:54.303582 - Found #PROFILE.txt (text/plain) in CBT.V504.FILE606.PDS, moved to PDS/#PROFILE
2023-04-03 01:20:54.304554 - Found #PROLOG.txt (text/plain) in CBT.V504.FILE606.PDS, moved to PDS/#PROLOG
2023-04-03 01:20:54.305558 - Found @FILE606.txt (text/plain) in CBT.V504.FILE606.PDS, moved to PDS/@FILE606
2023-04-03 01:20:54.306504 - Found ADLER32.txt (text/plain) in CBT.V504.FILE606.PDS, moved to PDS/ADLER32
2023-04-03 01:20:54.307687 - Found AWSSL.txt (text/plain) in CBT.V504.FILE606.PDS, moved to PDS/AWSSL
2023-04-03 01:20:54.309058 - Found AWSSLO.txt (text/plain) in CBT.V504.FILE606.PDS, moved to PDS/AWSSLO
2023-04-03 01:20:54.310276 - Found BLKSRT.txt (text/plain) in CBT.V504.FILE606.PDS, moved to PDS/BLKSRT
2023-04-03 01:20:54.311403 - Found BZINTERR.txt (text/plain) in CBT.V504.FILE606.PDS, moved to PDS/BZINTERR
2023-04-03 01:20:54.312648 - Found BZLIB.txt (text/plain) in CBT.V504.FILE606.PDS, moved to PDS/BZLIB
2023-04-03 01:20:54.314024 - Found COMPRESB.txt (text/plain) in CBT.V504.FILE606.PDS, moved to PDS/COMPRESB
2023-04-03 01:20:54.315054 - Found COMPRESS.txt (text/plain) in CBT.V504.FILE606.PDS, moved to PDS/COMPRESS
2023-04-03 01:20:54.315993 - Found CRCTABLE.txt (text/plain) in CBT.V504.FILE606.PDS, moved to PDS/CRCTABLE
2023-04-03 01:20:54.316923 - Found CRC32.txt (text/plain) in CBT.V504.FILE606.PDS, moved to PDS/CRC32
2023-04-03 01:20:54.318300 - Found DECOMPR.txt (text/plain) in CBT.V504.FILE606.PDS, moved to PDS/DECOMPR
2023-04-03 01:20:54.319505 - Found DEFLATE.txt (text/plain) in CBT.V504.FILE606.PDS, moved to PDS/DEFLATE
2023-04-03 01:20:54.320566 - Found HUFFMAN.txt (text/plain) in CBT.V504.FILE606.PDS, moved to PDS/HUFFMAN
2023-04-03 01:20:54.321880 - Found INFBLOCK.txt (text/plain) in CBT.V504.FILE606.PDS, moved to PDS/INFBLOCK
2023-04-03 01:20:54.322968 - Found INFCODES.txt (text/plain) in CBT.V504.FILE606.PDS, moved to PDS/INFCODES
2023-04-03 01:20:54.324344 - Found INFFAST.txt (text/plain) in CBT.V504.FILE606.PDS, moved to PDS/INFFAST
2023-04-03 01:20:54.325434 - Found INFLATE.txt (text/plain) in CBT.V504.FILE606.PDS, moved to PDS/INFLATE
2023-04-03 01:20:54.326785 - Found INFTREES.txt (text/plain) in CBT.V504.FILE606.PDS, moved to PDS/INFTREES
2023-04-03 01:20:54.327965 - Found INFUTIL.txt (text/plain) in CBT.V504.FILE606.PDS, moved to PDS/INFUTIL
2023-04-03 01:20:54.329055 - Found LIB.txt (text/plain) in CBT.V504.FILE606.PDS, moved to PDS/LIB
2023-04-03 01:20:54.330192 - Found MEMPOOL.txt (text/plain) in CBT.V504.FILE606.PDS, moved to PDS/MEMPOOL
2023-04-03 01:20:54.331181 - Found PRINTF.txt (text/plain) in CBT.V504.FILE606.PDS, moved to PDS/PRINTF
2023-04-03 01:20:54.332417 - Found PROFILE.txt (text/plain) in CBT.V504.FILE606.PDS, moved to PDS/PROFILE
2023-04-03 01:20:54.333507 - Found RANDTAB.txt (text/plain) in CBT.V504.FILE606.PDS, moved to PDS/RANDTAB
2023-04-03 01:20:54.334482 - Found STACK.txt (text/plain) in CBT.V504.FILE606.PDS, moved to PDS/STACK
2023-04-03 01:20:54.336410 - Found TREES.txt (text/plain) in CBT.V504.FILE606.PDS, moved to PDS/TREES
2023-04-03 01:20:54.337694 - Found UNCOMPR.txt (text/plain) in CBT.V504.FILE606.PDS, moved to PDS/UNCOMPR
2023-04-03 01:20:54.339105 - Found ZUTIL.txt (text/plain) in CBT.V504.FILE606.PDS, moved to PDS/ZUTIL
